[32m2024-08-09 16:18:10.978[0;39m [35m[background-preinit][0;39m [34m INFO[0;39m [36morg.hibernate.validator.internal.util.Version[0;39m - [33mHV000001: Hibernate Validator 8.0.1.Final
[0;39m[32m2024-08-09 16:18:11.016[0;39m [35m[main][0;39m [34m INFO[0;39m [36mcom.mnsoo.board.BulletinBoardApplication[0;39m - [33mStarting BulletinBoardApplication using Java 17.0.10 with PID 45094 (/Users/mnsoo/Desktop/zerobase/bulletin-board/build/classes/java/main started by mnsoo in /Users/mnsoo/Desktop/zerobase/bulletin-board)
[0;39m[32m2024-08-09 16:18:11.018[0;39m [35m[main][0;39m [34m INFO[0;39m [36mcom.mnsoo.board.BulletinBoardApplication[0;39m - [33mThe following 1 profile is active: "local"
[0;39m[32m2024-08-09 16:18:11.525[0;39m [35m[main][0;39m [34m INFO[0;39m [36morg.springframework.data.repository.config.RepositoryConfigurationDelegate[0;39m - [33mBootstrapping Spring Data JPA repositories in DEFAULT mode.
[0;39m[32m2024-08-09 16:18:11.559[0;39m [35m[main][0;39m [34m INFO[0;39m [36morg.springframework.data.repository.config.RepositoryConfigurationDelegate[0;39m - [33mFinished Spring Data repository scanning in 29 ms. Found 2 JPA repository interfaces.
[0;39m[32m2024-08-09 16:18:11.918[0;39m [35m[main][0;39m [34m INFO[0;39m [36morg.springframework.boot.web.embedded.tomcat.TomcatWebServer[0;39m - [33mTomcat initialized with port 8080 (http)
[0;39m[32m2024-08-09 16:18:11.924[0;39m [35m[main][0;39m [34m INFO[0;39m [36morg.apache.coyote.http11.Http11NioProtocol[0;39m - [33mInitializing ProtocolHandler ["http-nio-8080"]
[0;39m[32m2024-08-09 16:18:11.925[0;39m [35m[main][0;39m [34m INFO[0;39m [36morg.apache.catalina.core.StandardService[0;39m - [33mStarting service [Tomcat]
[0;39m[32m2024-08-09 16:18:11.926[0;39m [35m[main][0;39m [34m INFO[0;39m [36morg.apache.catalina.core.StandardEngine[0;39m - [33mStarting Servlet engine: [Apache Tomcat/10.1.24]
[0;39m[32m2024-08-09 16:18:11.958[0;39m [35m[main][0;39m [34m INFO[0;39m [36morg.apache.catalina.core.ContainerBase.[Tomcat].[localhost].[/][0;39m - [33mInitializing Spring embedded WebApplicationContext
[0;39m[32m2024-08-09 16:18:11.958[0;39m [35m[main][0;39m [34m INFO[0;39m [36morg.springframework.boot.web.servlet.context.ServletWebServerApplicationContext[0;39m - [33mRoot WebApplicationContext: initialization completed in 903 ms
[0;39m[32m2024-08-09 16:18:12.057[0;39m [35m[main][0;39m [34m INFO[0;39m [36morg.hibernate.jpa.internal.util.LogHelper[0;39m - [33mHHH000204: Processing PersistenceUnitInfo [name: default]
[0;39m[32m2024-08-09 16:18:12.092[0;39m [35m[main][0;39m [34m INFO[0;39m [36morg.hibernate.Version[0;39m - [33mHHH000412: Hibernate ORM core version 6.5.2.Final
[0;39m[32m2024-08-09 16:18:12.113[0;39m [35m[main][0;39m [34m INFO[0;39m [36morg.hibernate.cache.internal.RegionFactoryInitiator[0;39m - [33mHHH000026: Second-level cache disabled
[0;39m[32m2024-08-09 16:18:12.308[0;39m [35m[main][0;39m [34m INFO[0;39m [36morg.springframework.orm.jpa.persistenceunit.SpringPersistenceUnitInfo[0;39m - [33mNo LoadTimeWeaver setup: ignoring JPA class transformer
[0;39m[32m2024-08-09 16:18:12.325[0;39m [35m[main][0;39m [34m INFO[0;39m [36mcom.zaxxer.hikari.HikariDataSource[0;39m - [33mHikariPool-1 - Starting...
[0;39m[32m2024-08-09 16:18:12.549[0;39m [35m[main][0;39m [34m INFO[0;39m [36mcom.zaxxer.hikari.pool.HikariPool[0;39m - [33mHikariPool-1 - Added connection com.mysql.cj.jdbc.ConnectionImpl@6f80cf5
[0;39m[32m2024-08-09 16:18:12.551[0;39m [35m[main][0;39m [34m INFO[0;39m [36mcom.zaxxer.hikari.HikariDataSource[0;39m - [33mHikariPool-1 - Start completed.
[0;39m[32m2024-08-09 16:18:13.186[0;39m [35m[main][0;39m [34m INFO[0;39m [36morg.hibernate.engine.transaction.jta.platform.internal.JtaPlatformInitiator[0;39m - [33mHHH000489: No JTA platform available (set 'hibernate.transaction.jta.platform' to enable JTA platform integration)
[0;39m[32m2024-08-09 16:18:13.292[0;39m [35m[main][0;39m [34m INFO[0;39m [36morg.springframework.orm.jpa.LocalContainerEntityManagerFactoryBean[0;39m - [33mInitialized JPA EntityManagerFactory for persistence unit 'default'
[0;39m[32m2024-08-09 16:18:13.566[0;39m [35m[main][0;39m [31m WARN[0;39m [36morg.springframework.boot.autoconfigure.security.servlet.UserDetailsServiceAutoConfiguration[0;39m - [33m

Using generated security password: 47b0579e-552b-41f9-9b60-25026d83845b

This generated password is for development use only. Your security configuration must be updated before running your application in production.

[0;39m[32m2024-08-09 16:18:13.570[0;39m [35m[main][0;39m [34m INFO[0;39m [36morg.springframework.security.config.annotation.authentication.configuration.InitializeUserDetailsBeanManagerConfigurer$InitializeUserDetailsManagerConfigurer[0;39m - [33mGlobal AuthenticationManager configured with UserDetailsService bean with name inMemoryUserDetailsManager
[0;39m[32m2024-08-09 16:18:13.726[0;39m [35m[main][0;39m [34m INFO[0;39m [36morg.springframework.security.web.DefaultSecurityFilterChain[0;39m - [33mWill secure any request with [org.springframework.security.web.session.DisableEncodeUrlFilter@2acbbee4, org.springframework.security.web.context.request.async.WebAsyncManagerIntegrationFilter@3446ab40, org.springframework.security.web.context.SecurityContextHolderFilter@5ed6a36a, org.springframework.security.web.header.HeaderWriterFilter@58dd584a, org.springframework.web.filter.CorsFilter@500d4de8, org.springframework.security.web.authentication.logout.LogoutFilter@24032706, com.mnsoo.board.security.JwtFilter@43851574, org.springframework.security.web.savedrequest.RequestCacheAwareFilter@35ab83a7, org.springframework.security.web.servletapi.SecurityContextHolderAwareRequestFilter@1150b923, org.springframework.security.web.authentication.AnonymousAuthenticationFilter@344eaf7e, org.springframework.security.web.session.SessionManagementFilter@21f9764, org.springframework.security.web.access.ExceptionTranslationFilter@73b63917, org.springframework.security.web.access.intercept.AuthorizationFilter@5988e36e]
[0;39m[32m2024-08-09 16:18:13.898[0;39m [35m[main][0;39m [34m INFO[0;39m [36morg.apache.coyote.http11.Http11NioProtocol[0;39m - [33mStarting ProtocolHandler ["http-nio-8080"]
[0;39m[32m2024-08-09 16:18:13.908[0;39m [35m[main][0;39m [34m INFO[0;39m [36morg.springframework.boot.web.embedded.tomcat.TomcatWebServer[0;39m - [33mTomcat started on port 8080 (http) with context path '/'
[0;39m[32m2024-08-09 16:18:13.916[0;39m [35m[main][0;39m [34m INFO[0;39m [36mcom.mnsoo.board.BulletinBoardApplication[0;39m - [33mStarted BulletinBoardApplication in 3.317 seconds (process running for 3.821)
[0;39m[32m2024-08-09 16:18:39.639[0;39m [35m[http-nio-8080-exec-1][0;39m [34m INFO[0;39m [36morg.apache.catalina.core.ContainerBase.[Tomcat].[localhost].[/][0;39m - [33mInitializing Spring DispatcherServlet 'dispatcherServlet'
[0;39m[32m2024-08-09 16:18:39.640[0;39m [35m[http-nio-8080-exec-1][0;39m [34m INFO[0;39m [36morg.springframework.web.servlet.DispatcherServlet[0;39m - [33mInitializing Servlet 'dispatcherServlet'
[0;39m[32m2024-08-09 16:18:39.641[0;39m [35m[http-nio-8080-exec-1][0;39m [34m INFO[0;39m [36morg.springframework.web.servlet.DispatcherServlet[0;39m - [33mCompleted initialization in 1 ms
[0;39m[32m2024-08-09 16:18:39.655[0;39m [35m[http-nio-8080-exec-1][0;39m [34m INFO[0;39m [36mcom.mnsoo.board.security.JwtFilter[0;39m - [33mStarting JWTFilter for request: /api/users/auth/signin
[0;39m[32m2024-08-09 16:18:39.655[0;39m [35m[http-nio-8080-exec-1][0;39m [34m INFO[0;39m [36mcom.mnsoo.board.security.JwtFilter[0;39m - [33mAccess token is null, proceeding without authentication.
[0;39m[32m2024-08-09 16:18:39.708[0;39m [35m[http-nio-8080-exec-1][0;39m [34m INFO[0;39m [36mcom.mnsoo.board.service.UserService[0;39m - [33mSigning in user 'mnsoo'
[0;39m[32m2024-08-09 16:18:39.995[0;39m [35m[http-nio-8080-exec-1][0;39m [34m INFO[0;39m [36mcom.mnsoo.board.service.UserService[0;39m - [33mJWT added to response to user 'mnsoo'
[0;39m[32m2024-08-09 16:18:39.995[0;39m [35m[http-nio-8080-exec-1][0;39m [34m INFO[0;39m [36mcom.mnsoo.board.service.UserService[0;39m - [33mUser 'mnsoo' signed in successfully
[0;39m[32m2024-08-09 16:18:40.010[0;39m [35m[http-nio-8080-exec-1][0;39m [34m INFO[0;39m [36mcom.mnsoo.board.security.JwtFilter[0;39m - [33mCompleted JWTFilter for request: /api/users/auth/signin
[0;39m[32m2024-08-09 16:19:27.845[0;39m [35m[http-nio-8080-exec-3][0;39m [34m INFO[0;39m [36mcom.mnsoo.board.security.JwtFilter[0;39m - [33mStarting JWTFilter for request: /api/board/write
[0;39m[32m2024-08-09 16:19:27.847[0;39m [35m[http-nio-8080-exec-3][0;39m [34m INFO[0;39m [36mcom.mnsoo.board.security.JwtFilter[0;39m - [33mAccess token is null, proceeding without authentication.
[0;39m[32m2024-08-09 16:19:27.849[0;39m [35m[http-nio-8080-exec-3][0;39m [34m INFO[0;39m [36mcom.mnsoo.board.security.JwtFilter[0;39m - [33mCompleted JWTFilter for request: /api/board/write
[0;39m[32m2024-08-09 16:19:56.593[0;39m [35m[http-nio-8080-exec-4][0;39m [34m INFO[0;39m [36mcom.mnsoo.board.security.JwtFilter[0;39m - [33mStarting JWTFilter for request: /api/board/write
[0;39m[32m2024-08-09 16:19:56.638[0;39m [35m[http-nio-8080-exec-4][0;39m [34m INFO[0;39m [36mcom.mnsoo.board.security.JwtFilter[0;39m - [33mToken validated. UserEmail: mnsoo@gmail.com, Roles: [ROLE_USER]
[0;39m[32m2024-08-09 16:19:56.640[0;39m [35m[http-nio-8080-exec-4][0;39m [34m INFO[0;39m [36mcom.mnsoo.board.security.JwtFilter[0;39m - [33mUser authenticated and set in SecurityContext: mnsoo@gmail.com
[0;39m[32m2024-08-09 16:19:56.641[0;39m [35m[http-nio-8080-exec-4][0;39m [34m INFO[0;39m [36mcom.mnsoo.board.security.JwtFilter[0;39m - [33mCompleted JWTFilter for request: /api/board/write
[0;39m[32m2024-08-09 16:20:01.926[0;39m [35m[SpringApplicationShutdownHook][0;39m [34m INFO[0;39m [36morg.springframework.orm.jpa.LocalContainerEntityManagerFactoryBean[0;39m - [33mClosing JPA EntityManagerFactory for persistence unit 'default'
[0;39m[32m2024-08-09 16:20:01.927[0;39m [35m[SpringApplicationShutdownHook][0;39m [34m INFO[0;39m [36mcom.zaxxer.hikari.HikariDataSource[0;39m - [33mHikariPool-1 - Shutdown initiated...
[0;39m[32m2024-08-09 16:20:01.933[0;39m [35m[SpringApplicationShutdownHook][0;39m [34m INFO[0;39m [36mcom.zaxxer.hikari.HikariDataSource[0;39m - [33mHikariPool-1 - Shutdown completed.
[0;39m[32m2024-08-09 16:20:30.224[0;39m [35m[background-preinit][0;39m [34m INFO[0;39m [36morg.hibernate.validator.internal.util.Version[0;39m - [33mHV000001: Hibernate Validator 8.0.1.Final
[0;39m[32m2024-08-09 16:20:30.260[0;39m [35m[main][0;39m [34m INFO[0;39m [36mcom.mnsoo.board.BulletinBoardApplication[0;39m - [33mStarting BulletinBoardApplication using Java 17.0.10 with PID 45132 (/Users/mnsoo/Desktop/zerobase/bulletin-board/build/classes/java/main started by mnsoo in /Users/mnsoo/Desktop/zerobase/bulletin-board)
[0;39m[32m2024-08-09 16:20:30.260[0;39m [35m[main][0;39m [34m INFO[0;39m [36mcom.mnsoo.board.BulletinBoardApplication[0;39m - [33mThe following 1 profile is active: "local"
[0;39m[32m2024-08-09 16:20:30.995[0;39m [35m[main][0;39m [34m INFO[0;39m [36morg.springframework.data.repository.config.RepositoryConfigurationDelegate[0;39m - [33mBootstrapping Spring Data JPA repositories in DEFAULT mode.
[0;39m[32m2024-08-09 16:20:31.027[0;39m [35m[main][0;39m [34m INFO[0;39m [36morg.springframework.data.repository.config.RepositoryConfigurationDelegate[0;39m - [33mFinished Spring Data repository scanning in 28 ms. Found 2 JPA repository interfaces.
[0;39m[32m2024-08-09 16:20:31.373[0;39m [35m[main][0;39m [34m INFO[0;39m [36morg.springframework.boot.web.embedded.tomcat.TomcatWebServer[0;39m - [33mTomcat initialized with port 8080 (http)
[0;39m[32m2024-08-09 16:20:31.379[0;39m [35m[main][0;39m [34m INFO[0;39m [36morg.apache.coyote.http11.Http11NioProtocol[0;39m - [33mInitializing ProtocolHandler ["http-nio-8080"]
[0;39m[32m2024-08-09 16:20:31.380[0;39m [35m[main][0;39m [34m INFO[0;39m [36morg.apache.catalina.core.StandardService[0;39m - [33mStarting service [Tomcat]
[0;39m[32m2024-08-09 16:20:31.380[0;39m [35m[main][0;39m [34m INFO[0;39m [36morg.apache.catalina.core.StandardEngine[0;39m - [33mStarting Servlet engine: [Apache Tomcat/10.1.24]
[0;39m[32m2024-08-09 16:20:31.416[0;39m [35m[main][0;39m [34m INFO[0;39m [36morg.apache.catalina.core.ContainerBase.[Tomcat].[localhost].[/][0;39m - [33mInitializing Spring embedded WebApplicationContext
[0;39m[32m2024-08-09 16:20:31.416[0;39m [35m[main][0;39m [34m INFO[0;39m [36morg.springframework.boot.web.servlet.context.ServletWebServerApplicationContext[0;39m - [33mRoot WebApplicationContext: initialization completed in 1113 ms
[0;39m[32m2024-08-09 16:20:31.506[0;39m [35m[main][0;39m [34m INFO[0;39m [36morg.hibernate.jpa.internal.util.LogHelper[0;39m - [33mHHH000204: Processing PersistenceUnitInfo [name: default]
[0;39m[32m2024-08-09 16:20:31.535[0;39m [35m[main][0;39m [34m INFO[0;39m [36morg.hibernate.Version[0;39m - [33mHHH000412: Hibernate ORM core version 6.5.2.Final
[0;39m[32m2024-08-09 16:20:31.552[0;39m [35m[main][0;39m [34m INFO[0;39m [36morg.hibernate.cache.internal.RegionFactoryInitiator[0;39m - [33mHHH000026: Second-level cache disabled
[0;39m[32m2024-08-09 16:20:31.739[0;39m [35m[main][0;39m [34m INFO[0;39m [36morg.springframework.orm.jpa.persistenceunit.SpringPersistenceUnitInfo[0;39m - [33mNo LoadTimeWeaver setup: ignoring JPA class transformer
[0;39m[32m2024-08-09 16:20:31.753[0;39m [35m[main][0;39m [34m INFO[0;39m [36mcom.zaxxer.hikari.HikariDataSource[0;39m - [33mHikariPool-1 - Starting...
[0;39m[32m2024-08-09 16:20:31.927[0;39m [35m[main][0;39m [34m INFO[0;39m [36mcom.zaxxer.hikari.pool.HikariPool[0;39m - [33mHikariPool-1 - Added connection com.mysql.cj.jdbc.ConnectionImpl@2125535d
[0;39m[32m2024-08-09 16:20:31.928[0;39m [35m[main][0;39m [34m INFO[0;39m [36mcom.zaxxer.hikari.HikariDataSource[0;39m - [33mHikariPool-1 - Start completed.
[0;39m[32m2024-08-09 16:20:32.520[0;39m [35m[main][0;39m [34m INFO[0;39m [36morg.hibernate.engine.transaction.jta.platform.internal.JtaPlatformInitiator[0;39m - [33mHHH000489: No JTA platform available (set 'hibernate.transaction.jta.platform' to enable JTA platform integration)
[0;39m[32m2024-08-09 16:20:32.572[0;39m [35m[main][0;39m [34m INFO[0;39m [36morg.springframework.orm.jpa.LocalContainerEntityManagerFactoryBean[0;39m - [33mInitialized JPA EntityManagerFactory for persistence unit 'default'
[0;39m[32m2024-08-09 16:20:32.837[0;39m [35m[main][0;39m [31m WARN[0;39m [36morg.springframework.boot.autoconfigure.security.servlet.UserDetailsServiceAutoConfiguration[0;39m - [33m

Using generated security password: 4cc0b5eb-7610-4d85-a348-64eb35adacf8

This generated password is for development use only. Your security configuration must be updated before running your application in production.

[0;39m[32m2024-08-09 16:20:32.841[0;39m [35m[main][0;39m [34m INFO[0;39m [36morg.springframework.security.config.annotation.authentication.configuration.InitializeUserDetailsBeanManagerConfigurer$InitializeUserDetailsManagerConfigurer[0;39m - [33mGlobal AuthenticationManager configured with UserDetailsService bean with name inMemoryUserDetailsManager
[0;39m[32m2024-08-09 16:20:32.983[0;39m [35m[main][0;39m [34m INFO[0;39m [36morg.springframework.security.web.DefaultSecurityFilterChain[0;39m - [33mWill secure any request with [org.springframework.security.web.session.DisableEncodeUrlFilter@3d9dc84d, org.springframework.security.web.context.request.async.WebAsyncManagerIntegrationFilter@73625632, org.springframework.security.web.context.SecurityContextHolderFilter@5014ccf9, org.springframework.security.web.header.HeaderWriterFilter@4caca86d, org.springframework.web.filter.CorsFilter@676f70dc, org.springframework.security.web.authentication.logout.LogoutFilter@2292e793, com.mnsoo.board.security.JwtFilter@2591477f, org.springframework.security.web.savedrequest.RequestCacheAwareFilter@362109d0, org.springframework.security.web.servletapi.SecurityContextHolderAwareRequestFilter@3670af2b, org.springframework.security.web.authentication.AnonymousAuthenticationFilter@761d3c20, org.springframework.security.web.session.SessionManagementFilter@16a3d9a7, org.springframework.security.web.access.ExceptionTranslationFilter@2c5e2a44, org.springframework.security.web.access.intercept.AuthorizationFilter@7a7698f4]
[0;39m[32m2024-08-09 16:20:33.152[0;39m [35m[main][0;39m [34m INFO[0;39m [36morg.apache.coyote.http11.Http11NioProtocol[0;39m - [33mStarting ProtocolHandler ["http-nio-8080"]
[0;39m[32m2024-08-09 16:20:33.162[0;39m [35m[main][0;39m [34m INFO[0;39m [36morg.springframework.boot.web.embedded.tomcat.TomcatWebServer[0;39m - [33mTomcat started on port 8080 (http) with context path '/'
[0;39m[32m2024-08-09 16:20:33.171[0;39m [35m[main][0;39m [34m INFO[0;39m [36mcom.mnsoo.board.BulletinBoardApplication[0;39m - [33mStarted BulletinBoardApplication in 3.655 seconds (process running for 4.256)
[0;39m[32m2024-08-09 16:20:39.525[0;39m [35m[http-nio-8080-exec-2][0;39m [34m INFO[0;39m [36morg.apache.catalina.core.ContainerBase.[Tomcat].[localhost].[/][0;39m - [33mInitializing Spring DispatcherServlet 'dispatcherServlet'
[0;39m[32m2024-08-09 16:20:39.525[0;39m [35m[http-nio-8080-exec-2][0;39m [34m INFO[0;39m [36morg.springframework.web.servlet.DispatcherServlet[0;39m - [33mInitializing Servlet 'dispatcherServlet'
[0;39m[32m2024-08-09 16:20:39.527[0;39m [35m[http-nio-8080-exec-2][0;39m [34m INFO[0;39m [36morg.springframework.web.servlet.DispatcherServlet[0;39m - [33mCompleted initialization in 2 ms
[0;39m[32m2024-08-09 16:20:39.542[0;39m [35m[http-nio-8080-exec-2][0;39m [34m INFO[0;39m [36mcom.mnsoo.board.security.JwtFilter[0;39m - [33mStarting JWTFilter for request: /api/board/write
[0;39m[32m2024-08-09 16:20:39.598[0;39m [35m[http-nio-8080-exec-2][0;39m [34m INFO[0;39m [36mcom.mnsoo.board.security.JwtFilter[0;39m - [33mToken validated. UserEmail: mnsoo@gmail.com, Roles: [ROLE_USER]
[0;39m[32m2024-08-09 16:20:39.599[0;39m [35m[http-nio-8080-exec-2][0;39m [34m INFO[0;39m [36mcom.mnsoo.board.security.JwtFilter[0;39m - [33mUser authenticated and set in SecurityContext: mnsoo@gmail.com
[0;39m[32m2024-08-09 16:20:39.624[0;39m [35m[http-nio-8080-exec-2][0;39m [1;31mERROR[0;39m [36mcom.mnsoo.board.exception.GlobalExceptionHandler[0;39m - [33mUnexpected Exception occurred
[0;39morg.springframework.web.multipart.MultipartException: Failed to parse multipart servlet request
	at org.springframework.web.multipart.support.StandardMultipartHttpServletRequest.handleParseFailure(StandardMultipartHttpServletRequest.java:131)
	at org.springframework.web.multipart.support.StandardMultipartHttpServletRequest.parseRequest(StandardMultipartHttpServletRequest.java:110)
	at org.springframework.web.multipart.support.StandardMultipartHttpServletRequest.<init>(StandardMultipartHttpServletRequest.java:86)
	at org.springframework.web.multipart.support.StandardMultipartHttpServletRequest.<init>(StandardMultipartHttpServletRequest.java:70)
	at org.springframework.web.multipart.support.MultipartResolutionDelegate.asMultipartHttpServletRequest(MultipartResolutionDelegate.java:82)
	at org.springframework.web.multipart.support.RequestPartServletServerHttpRequest.<init>(RequestPartServletServerHttpRequest.java:68)
	at org.springframework.web.servlet.mvc.method.annotation.RequestPartMethodArgumentResolver.resolveArgument(RequestPartMethodArgumentResolver.java:140)
	at org.springframework.web.method.support.HandlerMethodArgumentResolverComposite.resolveArgument(HandlerMethodArgumentResolverComposite.java:122)
	at org.springframework.web.method.support.InvocableHandlerMethod.getMethodArgumentValues(InvocableHandlerMethod.java:224)
	at org.springframework.web.method.support.InvocableHandlerMethod.invokeForRequest(InvocableHandlerMethod.java:178)
	at org.springframework.web.servlet.mvc.method.annotation.ServletInvocableHandlerMethod.invokeAndHandle(ServletInvocableHandlerMethod.java:118)
	at org.springframework.web.servlet.mvc.method.annotation.RequestMappingHandlerAdapter.invokeHandlerMethod(RequestMappingHandlerAdapter.java:926)
	at org.springframework.web.servlet.mvc.method.annotation.RequestMappingHandlerAdapter.handleInternal(RequestMappingHandlerAdapter.java:831)
	at org.springframework.web.servlet.mvc.method.AbstractHandlerMethodAdapter.handle(AbstractHandlerMethodAdapter.java:87)
	at org.springframework.web.servlet.DispatcherServlet.doDispatch(DispatcherServlet.java:1089)
	at org.springframework.web.servlet.DispatcherServlet.doService(DispatcherServlet.java:979)
	at org.springframework.web.servlet.FrameworkServlet.processRequest(FrameworkServlet.java:1014)
	at org.springframework.web.servlet.FrameworkServlet.doPost(FrameworkServlet.java:914)
	at jakarta.servlet.http.HttpServlet.service(HttpServlet.java:590)
	at org.springframework.web.servlet.FrameworkServlet.service(FrameworkServlet.java:885)
	at jakarta.servlet.http.HttpServlet.service(HttpServlet.java:658)
	at org.apache.catalina.core.ApplicationFilterChain.internalDoFilter(ApplicationFilterChain.java:195)
	at org.apache.catalina.core.ApplicationFilterChain.doFilter(ApplicationFilterChain.java:140)
	at org.apache.tomcat.websocket.server.WsFilter.doFilter(WsFilter.java:51)
	at org.apache.catalina.core.ApplicationFilterChain.internalDoFilter(ApplicationFilterChain.java:164)
	at org.apache.catalina.core.ApplicationFilterChain.doFilter(ApplicationFilterChain.java:140)
	at org.springframework.web.filter.CompositeFilter$VirtualFilterChain.doFilter(CompositeFilter.java:108)
	at org.springframework.security.web.FilterChainProxy.lambda$doFilterInternal$3(FilterChainProxy.java:231)
	at org.springframework.security.web.FilterChainProxy$VirtualFilterChain.doFilter(FilterChainProxy.java:365)
	at org.springframework.security.web.access.intercept.AuthorizationFilter.doFilter(AuthorizationFilter.java:100)
	at org.springframework.security.web.FilterChainProxy$VirtualFilterChain.doFilter(FilterChainProxy.java:374)
	at org.springframework.security.web.access.ExceptionTranslationFilter.doFilter(ExceptionTranslationFilter.java:126)
	at org.springframework.security.web.access.ExceptionTranslationFilter.doFilter(ExceptionTranslationFilter.java:120)
	at org.springframework.security.web.FilterChainProxy$VirtualFilterChain.doFilter(FilterChainProxy.java:374)
	at org.springframework.security.web.session.SessionManagementFilter.doFilter(SessionManagementFilter.java:131)
	at org.springframework.security.web.session.SessionManagementFilter.doFilter(SessionManagementFilter.java:85)
	at org.springframework.security.web.FilterChainProxy$VirtualFilterChain.doFilter(FilterChainProxy.java:374)
	at org.springframework.security.web.authentication.AnonymousAuthenticationFilter.doFilter(AnonymousAuthenticationFilter.java:100)
	at org.springframework.security.web.FilterChainProxy$VirtualFilterChain.doFilter(FilterChainProxy.java:374)
	at org.springframework.security.web.servletapi.SecurityContextHolderAwareRequestFilter.doFilter(SecurityContextHolderAwareRequestFilter.java:179)
	at org.springframework.security.web.FilterChainProxy$VirtualFilterChain.doFilter(FilterChainProxy.java:374)
	at org.springframework.security.web.savedrequest.RequestCacheAwareFilter.doFilter(RequestCacheAwareFilter.java:63)
	at org.springframework.security.web.FilterChainProxy$VirtualFilterChain.doFilter(FilterChainProxy.java:374)
	at com.mnsoo.board.security.JwtFilter.doFilterInternal(JwtFilter.java:77)
	at org.springframework.web.filter.OncePerRequestFilter.doFilter(OncePerRequestFilter.java:116)
	at org.springframework.security.web.FilterChainProxy$VirtualFilterChain.doFilter(FilterChainProxy.java:374)
	at org.springframework.security.web.authentication.logout.LogoutFilter.doFilter(LogoutFilter.java:107)
	at org.springframework.security.web.authentication.logout.LogoutFilter.doFilter(LogoutFilter.java:93)
	at org.springframework.security.web.FilterChainProxy$VirtualFilterChain.doFilter(FilterChainProxy.java:374)
	at org.springframework.web.filter.CorsFilter.doFilterInternal(CorsFilter.java:91)
	at org.springframework.web.filter.OncePerRequestFilter.doFilter(OncePerRequestFilter.java:116)
	at org.springframework.security.web.FilterChainProxy$VirtualFilterChain.doFilter(FilterChainProxy.java:374)
	at org.springframework.security.web.header.HeaderWriterFilter.doHeadersAfter(HeaderWriterFilter.java:90)
	at org.springframework.security.web.header.HeaderWriterFilter.doFilterInternal(HeaderWriterFilter.java:75)
	at org.springframework.web.filter.OncePerRequestFilter.doFilter(OncePerRequestFilter.java:116)
	at org.springframework.security.web.FilterChainProxy$VirtualFilterChain.doFilter(FilterChainProxy.java:374)
	at org.springframework.security.web.context.SecurityContextHolderFilter.doFilter(SecurityContextHolderFilter.java:82)
	at org.springframework.security.web.context.SecurityContextHolderFilter.doFilter(SecurityContextHolderFilter.java:69)
	at org.springframework.security.web.FilterChainProxy$VirtualFilterChain.doFilter(FilterChainProxy.java:374)
	at org.springframework.security.web.context.request.async.WebAsyncManagerIntegrationFilter.doFilterInternal(WebAsyncManagerIntegrationFilter.java:62)
	at org.springframework.web.filter.OncePerRequestFilter.doFilter(OncePerRequestFilter.java:116)
	at org.springframework.security.web.FilterChainProxy$VirtualFilterChain.doFilter(FilterChainProxy.java:374)
	at org.springframework.security.web.session.DisableEncodeUrlFilter.doFilterInternal(DisableEncodeUrlFilter.java:42)
	at org.springframework.web.filter.OncePerRequestFilter.doFilter(OncePerRequestFilter.java:116)
	at org.springframework.security.web.FilterChainProxy$VirtualFilterChain.doFilter(FilterChainProxy.java:374)
	at org.springframework.security.web.FilterChainProxy.doFilterInternal(FilterChainProxy.java:233)
	at org.springframework.security.web.FilterChainProxy.doFilter(FilterChainProxy.java:191)
	at org.springframework.web.filter.CompositeFilter$VirtualFilterChain.doFilter(CompositeFilter.java:113)
	at org.springframework.web.servlet.handler.HandlerMappingIntrospector.lambda$createCacheFilter$3(HandlerMappingIntrospector.java:195)
	at org.springframework.web.filter.CompositeFilter$VirtualFilterChain.doFilter(CompositeFilter.java:113)
	at org.springframework.web.filter.CompositeFilter.doFilter(CompositeFilter.java:74)
	at org.springframework.security.config.annotation.web.configuration.WebMvcSecurityConfiguration$CompositeFilterChainProxy.doFilter(WebMvcSecurityConfiguration.java:230)
	at org.springframework.web.filter.DelegatingFilterProxy.invokeDelegate(DelegatingFilterProxy.java:352)
	at org.springframework.web.filter.DelegatingFilterProxy.doFilter(DelegatingFilterProxy.java:268)
	at org.apache.catalina.core.ApplicationFilterChain.internalDoFilter(ApplicationFilterChain.java:164)
	at org.apache.catalina.core.ApplicationFilterChain.doFilter(ApplicationFilterChain.java:140)
	at org.springframework.web.filter.RequestContextFilter.doFilterInternal(RequestContextFilter.java:100)
	at org.springframework.web.filter.OncePerRequestFilter.doFilter(OncePerRequestFilter.java:116)
	at org.apache.catalina.core.ApplicationFilterChain.internalDoFilter(ApplicationFilterChain.java:164)
	at org.apache.catalina.core.ApplicationFilterChain.doFilter(ApplicationFilterChain.java:140)
	at org.springframework.web.filter.FormContentFilter.doFilterInternal(FormContentFilter.java:93)
	at org.springframework.web.filter.OncePerRequestFilter.doFilter(OncePerRequestFilter.java:116)
	at org.apache.catalina.core.ApplicationFilterChain.internalDoFilter(ApplicationFilterChain.java:164)
	at org.apache.catalina.core.ApplicationFilterChain.doFilter(ApplicationFilterChain.java:140)
	at org.springframework.web.filter.CharacterEncodingFilter.doFilterInternal(CharacterEncodingFilter.java:201)
	at org.springframework.web.filter.OncePerRequestFilter.doFilter(OncePerRequestFilter.java:116)
	at org.apache.catalina.core.ApplicationFilterChain.internalDoFilter(ApplicationFilterChain.java:164)
	at org.apache.catalina.core.ApplicationFilterChain.doFilter(ApplicationFilterChain.java:140)
	at org.apache.catalina.core.StandardWrapperValve.invoke(StandardWrapperValve.java:167)
	at org.apache.catalina.core.StandardContextValve.invoke(StandardContextValve.java:90)
	at org.apache.catalina.authenticator.AuthenticatorBase.invoke(AuthenticatorBase.java:482)
	at org.apache.catalina.core.StandardHostValve.invoke(StandardHostValve.java:115)
	at org.apache.catalina.valves.ErrorReportValve.invoke(ErrorReportValve.java:93)
	at org.apache.catalina.core.StandardEngineValve.invoke(StandardEngineValve.java:74)
	at org.apache.catalina.connector.CoyoteAdapter.service(CoyoteAdapter.java:344)
	at org.apache.coyote.http11.Http11Processor.service(Http11Processor.java:389)
	at org.apache.coyote.AbstractProcessorLight.process(AbstractProcessorLight.java:63)
	at org.apache.coyote.AbstractProtocol$ConnectionHandler.process(AbstractProtocol.java:896)
	at org.apache.tomcat.util.net.NioEndpoint$SocketProcessor.doRun(NioEndpoint.java:1741)
	at org.apache.tomcat.util.net.SocketProcessorBase.run(SocketProcessorBase.java:52)
	at org.apache.tomcat.util.threads.ThreadPoolExecutor.runWorker(ThreadPoolExecutor.java:1190)
	at org.apache.tomcat.util.threads.ThreadPoolExecutor$Worker.run(ThreadPoolExecutor.java:659)
	at org.apache.tomcat.util.threads.TaskThread$WrappingRunnable.run(TaskThread.java:63)
	at java.base/java.lang.Thread.run(Thread.java:840)
Caused by: jakarta.servlet.ServletException: org.apache.tomcat.util.http.fileupload.impl.InvalidContentTypeException: the request doesn't contain a multipart/form-data or multipart/mixed stream, content type header is null
	at org.apache.catalina.connector.Request.parseParts(Request.java:2624)
	at org.apache.catalina.connector.Request.getParts(Request.java:2487)
	at org.apache.catalina.connector.RequestFacade.getParts(RequestFacade.java:773)
	at jakarta.servlet.http.HttpServletRequestWrapper.getParts(HttpServletRequestWrapper.java:315)
	at jakarta.servlet.http.HttpServletRequestWrapper.getParts(HttpServletRequestWrapper.java:315)
	at jakarta.servlet.http.HttpServletRequestWrapper.getParts(HttpServletRequestWrapper.java:315)
	at org.springframework.web.multipart.support.StandardMultipartHttpServletRequest.parseRequest(StandardMultipartHttpServletRequest.java:93)
	... 102 common frames omitted
Caused by: org.apache.tomcat.util.http.fileupload.impl.InvalidContentTypeException: the request doesn't contain a multipart/form-data or multipart/mixed stream, content type header is null
	at org.apache.tomcat.util.http.fileupload.impl.FileItemIteratorImpl.init(FileItemIteratorImpl.java:151)
	at org.apache.tomcat.util.http.fileupload.impl.FileItemIteratorImpl.getMultiPartStream(FileItemIteratorImpl.java:205)
	at org.apache.tomcat.util.http.fileupload.impl.FileItemIteratorImpl.findNextItem(FileItemIteratorImpl.java:224)
	at org.apache.tomcat.util.http.fileupload.impl.FileItemIteratorImpl.<init>(FileItemIteratorImpl.java:142)
	at org.apache.tomcat.util.http.fileupload.FileUploadBase.getItemIterator(FileUploadBase.java:252)
	at org.apache.tomcat.util.http.fileupload.FileUploadBase.parseRequest(FileUploadBase.java:276)
	at org.apache.catalina.connector.Request.parseParts(Request.java:2587)
	... 108 common frames omitted
[32m2024-08-09 16:20:39.637[0;39m [35m[http-nio-8080-exec-2][0;39m [34m INFO[0;39m [36mcom.mnsoo.board.security.JwtFilter[0;39m - [33mCompleted JWTFilter for request: /api/board/write
[0;39m[32m2024-08-09 16:22:30.516[0;39m [35m[http-nio-8080-exec-4][0;39m [34m INFO[0;39m [36mcom.mnsoo.board.security.JwtFilter[0;39m - [33mStarting JWTFilter for request: /api/board/write
[0;39m[32m2024-08-09 16:22:30.524[0;39m [35m[http-nio-8080-exec-4][0;39m [34m INFO[0;39m [36mcom.mnsoo.board.security.JwtFilter[0;39m - [33mToken validated. UserEmail: mnsoo@gmail.com, Roles: [ROLE_USER]
[0;39m[32m2024-08-09 16:22:30.524[0;39m [35m[http-nio-8080-exec-4][0;39m [34m INFO[0;39m [36mcom.mnsoo.board.security.JwtFilter[0;39m - [33mUser authenticated and set in SecurityContext: mnsoo@gmail.com
[0;39m[32m2024-08-09 16:22:30.570[0;39m [35m[http-nio-8080-exec-4][0;39m [1;31mERROR[0;39m [36mcom.mnsoo.board.exception.GlobalExceptionHandler[0;39m - [33mUnexpected Exception occurred
[0;39morg.springframework.http.converter.HttpMessageNotReadableException: JSON parse error: Unexpected character ('t' (code 116)): was expecting double-quote to start field name
	at org.springframework.http.converter.json.AbstractJackson2HttpMessageConverter.readJavaType(AbstractJackson2HttpMessageConverter.java:406)
	at org.springframework.http.converter.json.AbstractJackson2HttpMessageConverter.read(AbstractJackson2HttpMessageConverter.java:354)
	at org.springframework.web.servlet.mvc.method.annotation.AbstractMessageConverterMethodArgumentResolver.readWithMessageConverters(AbstractMessageConverterMethodArgumentResolver.java:184)
	at org.springframework.web.servlet.mvc.method.annotation.RequestPartMethodArgumentResolver.resolveArgument(RequestPartMethodArgumentResolver.java:141)
	at org.springframework.web.method.support.HandlerMethodArgumentResolverComposite.resolveArgument(HandlerMethodArgumentResolverComposite.java:122)
	at org.springframework.web.method.support.InvocableHandlerMethod.getMethodArgumentValues(InvocableHandlerMethod.java:224)
	at org.springframework.web.method.support.InvocableHandlerMethod.invokeForRequest(InvocableHandlerMethod.java:178)
	at org.springframework.web.servlet.mvc.method.annotation.ServletInvocableHandlerMethod.invokeAndHandle(ServletInvocableHandlerMethod.java:118)
	at org.springframework.web.servlet.mvc.method.annotation.RequestMappingHandlerAdapter.invokeHandlerMethod(RequestMappingHandlerAdapter.java:926)
	at org.springframework.web.servlet.mvc.method.annotation.RequestMappingHandlerAdapter.handleInternal(RequestMappingHandlerAdapter.java:831)
	at org.springframework.web.servlet.mvc.method.AbstractHandlerMethodAdapter.handle(AbstractHandlerMethodAdapter.java:87)
	at org.springframework.web.servlet.DispatcherServlet.doDispatch(DispatcherServlet.java:1089)
	at org.springframework.web.servlet.DispatcherServlet.doService(DispatcherServlet.java:979)
	at org.springframework.web.servlet.FrameworkServlet.processRequest(FrameworkServlet.java:1014)
	at org.springframework.web.servlet.FrameworkServlet.doPost(FrameworkServlet.java:914)
	at jakarta.servlet.http.HttpServlet.service(HttpServlet.java:590)
	at org.springframework.web.servlet.FrameworkServlet.service(FrameworkServlet.java:885)
	at jakarta.servlet.http.HttpServlet.service(HttpServlet.java:658)
	at org.apache.catalina.core.ApplicationFilterChain.internalDoFilter(ApplicationFilterChain.java:195)
	at org.apache.catalina.core.ApplicationFilterChain.doFilter(ApplicationFilterChain.java:140)
	at org.apache.tomcat.websocket.server.WsFilter.doFilter(WsFilter.java:51)
	at org.apache.catalina.core.ApplicationFilterChain.internalDoFilter(ApplicationFilterChain.java:164)
	at org.apache.catalina.core.ApplicationFilterChain.doFilter(ApplicationFilterChain.java:140)
	at org.springframework.web.filter.CompositeFilter$VirtualFilterChain.doFilter(CompositeFilter.java:108)
	at org.springframework.security.web.FilterChainProxy.lambda$doFilterInternal$3(FilterChainProxy.java:231)
	at org.springframework.security.web.FilterChainProxy$VirtualFilterChain.doFilter(FilterChainProxy.java:365)
	at org.springframework.security.web.access.intercept.AuthorizationFilter.doFilter(AuthorizationFilter.java:100)
	at org.springframework.security.web.FilterChainProxy$VirtualFilterChain.doFilter(FilterChainProxy.java:374)
	at org.springframework.security.web.access.ExceptionTranslationFilter.doFilter(ExceptionTranslationFilter.java:126)
	at org.springframework.security.web.access.ExceptionTranslationFilter.doFilter(ExceptionTranslationFilter.java:120)
	at org.springframework.security.web.FilterChainProxy$VirtualFilterChain.doFilter(FilterChainProxy.java:374)
	at org.springframework.security.web.session.SessionManagementFilter.doFilter(SessionManagementFilter.java:131)
	at org.springframework.security.web.session.SessionManagementFilter.doFilter(SessionManagementFilter.java:85)
	at org.springframework.security.web.FilterChainProxy$VirtualFilterChain.doFilter(FilterChainProxy.java:374)
	at org.springframework.security.web.authentication.AnonymousAuthenticationFilter.doFilter(AnonymousAuthenticationFilter.java:100)
	at org.springframework.security.web.FilterChainProxy$VirtualFilterChain.doFilter(FilterChainProxy.java:374)
	at org.springframework.security.web.servletapi.SecurityContextHolderAwareRequestFilter.doFilter(SecurityContextHolderAwareRequestFilter.java:179)
	at org.springframework.security.web.FilterChainProxy$VirtualFilterChain.doFilter(FilterChainProxy.java:374)
	at org.springframework.security.web.savedrequest.RequestCacheAwareFilter.doFilter(RequestCacheAwareFilter.java:63)
	at org.springframework.security.web.FilterChainProxy$VirtualFilterChain.doFilter(FilterChainProxy.java:374)
	at com.mnsoo.board.security.JwtFilter.doFilterInternal(JwtFilter.java:77)
	at org.springframework.web.filter.OncePerRequestFilter.doFilter(OncePerRequestFilter.java:116)
	at org.springframework.security.web.FilterChainProxy$VirtualFilterChain.doFilter(FilterChainProxy.java:374)
	at org.springframework.security.web.authentication.logout.LogoutFilter.doFilter(LogoutFilter.java:107)
	at org.springframework.security.web.authentication.logout.LogoutFilter.doFilter(LogoutFilter.java:93)
	at org.springframework.security.web.FilterChainProxy$VirtualFilterChain.doFilter(FilterChainProxy.java:374)
	at org.springframework.web.filter.CorsFilter.doFilterInternal(CorsFilter.java:91)
	at org.springframework.web.filter.OncePerRequestFilter.doFilter(OncePerRequestFilter.java:116)
	at org.springframework.security.web.FilterChainProxy$VirtualFilterChain.doFilter(FilterChainProxy.java:374)
	at org.springframework.security.web.header.HeaderWriterFilter.doHeadersAfter(HeaderWriterFilter.java:90)
	at org.springframework.security.web.header.HeaderWriterFilter.doFilterInternal(HeaderWriterFilter.java:75)
	at org.springframework.web.filter.OncePerRequestFilter.doFilter(OncePerRequestFilter.java:116)
	at org.springframework.security.web.FilterChainProxy$VirtualFilterChain.doFilter(FilterChainProxy.java:374)
	at org.springframework.security.web.context.SecurityContextHolderFilter.doFilter(SecurityContextHolderFilter.java:82)
	at org.springframework.security.web.context.SecurityContextHolderFilter.doFilter(SecurityContextHolderFilter.java:69)
	at org.springframework.security.web.FilterChainProxy$VirtualFilterChain.doFilter(FilterChainProxy.java:374)
	at org.springframework.security.web.context.request.async.WebAsyncManagerIntegrationFilter.doFilterInternal(WebAsyncManagerIntegrationFilter.java:62)
	at org.springframework.web.filter.OncePerRequestFilter.doFilter(OncePerRequestFilter.java:116)
	at org.springframework.security.web.FilterChainProxy$VirtualFilterChain.doFilter(FilterChainProxy.java:374)
	at org.springframework.security.web.session.DisableEncodeUrlFilter.doFilterInternal(DisableEncodeUrlFilter.java:42)
	at org.springframework.web.filter.OncePerRequestFilter.doFilter(OncePerRequestFilter.java:116)
	at org.springframework.security.web.FilterChainProxy$VirtualFilterChain.doFilter(FilterChainProxy.java:374)
	at org.springframework.security.web.FilterChainProxy.doFilterInternal(FilterChainProxy.java:233)
	at org.springframework.security.web.FilterChainProxy.doFilter(FilterChainProxy.java:191)
	at org.springframework.web.filter.CompositeFilter$VirtualFilterChain.doFilter(CompositeFilter.java:113)
	at org.springframework.web.servlet.handler.HandlerMappingIntrospector.lambda$createCacheFilter$3(HandlerMappingIntrospector.java:195)
	at org.springframework.web.filter.CompositeFilter$VirtualFilterChain.doFilter(CompositeFilter.java:113)
	at org.springframework.web.filter.CompositeFilter.doFilter(CompositeFilter.java:74)
	at org.springframework.security.config.annotation.web.configuration.WebMvcSecurityConfiguration$CompositeFilterChainProxy.doFilter(WebMvcSecurityConfiguration.java:230)
	at org.springframework.web.filter.DelegatingFilterProxy.invokeDelegate(DelegatingFilterProxy.java:352)
	at org.springframework.web.filter.DelegatingFilterProxy.doFilter(DelegatingFilterProxy.java:268)
	at org.apache.catalina.core.ApplicationFilterChain.internalDoFilter(ApplicationFilterChain.java:164)
	at org.apache.catalina.core.ApplicationFilterChain.doFilter(ApplicationFilterChain.java:140)
	at org.springframework.web.filter.RequestContextFilter.doFilterInternal(RequestContextFilter.java:100)
	at org.springframework.web.filter.OncePerRequestFilter.doFilter(OncePerRequestFilter.java:116)
	at org.apache.catalina.core.ApplicationFilterChain.internalDoFilter(ApplicationFilterChain.java:164)
	at org.apache.catalina.core.ApplicationFilterChain.doFilter(ApplicationFilterChain.java:140)
	at org.springframework.web.filter.FormContentFilter.doFilterInternal(FormContentFilter.java:93)
	at org.springframework.web.filter.OncePerRequestFilter.doFilter(OncePerRequestFilter.java:116)
	at org.apache.catalina.core.ApplicationFilterChain.internalDoFilter(ApplicationFilterChain.java:164)
	at org.apache.catalina.core.ApplicationFilterChain.doFilter(ApplicationFilterChain.java:140)
	at org.springframework.web.filter.CharacterEncodingFilter.doFilterInternal(CharacterEncodingFilter.java:201)
	at org.springframework.web.filter.OncePerRequestFilter.doFilter(OncePerRequestFilter.java:116)
	at org.apache.catalina.core.ApplicationFilterChain.internalDoFilter(ApplicationFilterChain.java:164)
	at org.apache.catalina.core.ApplicationFilterChain.doFilter(ApplicationFilterChain.java:140)
	at org.apache.catalina.core.StandardWrapperValve.invoke(StandardWrapperValve.java:167)
	at org.apache.catalina.core.StandardContextValve.invoke(StandardContextValve.java:90)
	at org.apache.catalina.authenticator.AuthenticatorBase.invoke(AuthenticatorBase.java:482)
	at org.apache.catalina.core.StandardHostValve.invoke(StandardHostValve.java:115)
	at org.apache.catalina.valves.ErrorReportValve.invoke(ErrorReportValve.java:93)
	at org.apache.catalina.core.StandardEngineValve.invoke(StandardEngineValve.java:74)
	at org.apache.catalina.connector.CoyoteAdapter.service(CoyoteAdapter.java:344)
	at org.apache.coyote.http11.Http11Processor.service(Http11Processor.java:389)
	at org.apache.coyote.AbstractProcessorLight.process(AbstractProcessorLight.java:63)
	at org.apache.coyote.AbstractProtocol$ConnectionHandler.process(AbstractProtocol.java:896)
	at org.apache.tomcat.util.net.NioEndpoint$SocketProcessor.doRun(NioEndpoint.java:1741)
	at org.apache.tomcat.util.net.SocketProcessorBase.run(SocketProcessorBase.java:52)
	at org.apache.tomcat.util.threads.ThreadPoolExecutor.runWorker(ThreadPoolExecutor.java:1190)
	at org.apache.tomcat.util.threads.ThreadPoolExecutor$Worker.run(ThreadPoolExecutor.java:659)
	at org.apache.tomcat.util.threads.TaskThread$WrappingRunnable.run(TaskThread.java:63)
	at java.base/java.lang.Thread.run(Thread.java:840)
Caused by: com.fasterxml.jackson.core.JsonParseException: Unexpected character ('t' (code 116)): was expecting double-quote to start field name
 at [Source: REDACTED (`StreamReadFeature.INCLUDE_SOURCE_IN_LOCATION` disabled); line: 2, column: 4]
	at com.fasterxml.jackson.core.JsonParser._constructReadException(JsonParser.java:2643)
	at com.fasterxml.jackson.core.base.ParserMinimalBase._reportUnexpectedChar(ParserMinimalBase.java:685)
	at com.fasterxml.jackson.core.json.UTF8StreamJsonParser._handleOddName(UTF8StreamJsonParser.java:2103)
	at com.fasterxml.jackson.core.json.UTF8StreamJsonParser._parseName(UTF8StreamJsonParser.java:1753)
	at com.fasterxml.jackson.core.json.UTF8StreamJsonParser.nextToken(UTF8StreamJsonParser.java:757)
	at com.fasterxml.jackson.databind.deser.BeanDeserializer.deserialize(BeanDeserializer.java:181)
	at com.fasterxml.jackson.databind.deser.DefaultDeserializationContext.readRootValue(DefaultDeserializationContext.java:342)
	at com.fasterxml.jackson.databind.ObjectReader._bindAndClose(ObjectReader.java:2125)
	at com.fasterxml.jackson.databind.ObjectReader.readValue(ObjectReader.java:1501)
	at org.springframework.http.converter.json.AbstractJackson2HttpMessageConverter.readJavaType(AbstractJackson2HttpMessageConverter.java:395)
	... 100 common frames omitted
[32m2024-08-09 16:22:30.573[0;39m [35m[http-nio-8080-exec-4][0;39m [34m INFO[0;39m [36mcom.mnsoo.board.security.JwtFilter[0;39m - [33mCompleted JWTFilter for request: /api/board/write
[0;39m[32m2024-08-09 16:23:36.165[0;39m [35m[http-nio-8080-exec-5][0;39m [34m INFO[0;39m [36mcom.mnsoo.board.security.JwtFilter[0;39m - [33mStarting JWTFilter for request: /api/board/write
[0;39m[32m2024-08-09 16:23:36.173[0;39m [35m[http-nio-8080-exec-5][0;39m [34m INFO[0;39m [36mcom.mnsoo.board.security.JwtFilter[0;39m - [33mToken validated. UserEmail: mnsoo@gmail.com, Roles: [ROLE_USER]
[0;39m[32m2024-08-09 16:23:36.173[0;39m [35m[http-nio-8080-exec-5][0;39m [34m INFO[0;39m [36mcom.mnsoo.board.security.JwtFilter[0;39m - [33mUser authenticated and set in SecurityContext: mnsoo@gmail.com
[0;39m[32m2024-08-09 16:23:36.364[0;39m [35m[http-nio-8080-exec-5][0;39m [34m INFO[0;39m [36mcom.mnsoo.board.service.BoardService[0;39m - [33mRegistering post of user 'mnsoo'
[0;39m[32m2024-08-09 16:23:36.435[0;39m [35m[http-nio-8080-exec-5][0;39m [34m INFO[0;39m [36mcom.mnsoo.board.service.BoardService[0;39m - [33mPosted successfully
[0;39m[32m2024-08-09 16:23:36.450[0;39m [35m[http-nio-8080-exec-5][0;39m [34m INFO[0;39m [36mcom.mnsoo.board.security.JwtFilter[0;39m - [33mCompleted JWTFilter for request: /api/board/write
[0;39m[32m2024-08-09 16:24:06.273[0;39m [35m[SpringApplicationShutdownHook][0;39m [34m INFO[0;39m [36morg.springframework.orm.jpa.LocalContainerEntityManagerFactoryBean[0;39m - [33mClosing JPA EntityManagerFactory for persistence unit 'default'
[0;39m[32m2024-08-09 16:24:06.275[0;39m [35m[SpringApplicationShutdownHook][0;39m [34m INFO[0;39m [36mcom.zaxxer.hikari.HikariDataSource[0;39m - [33mHikariPool-1 - Shutdown initiated...
[0;39m[32m2024-08-09 16:24:06.280[0;39m [35m[SpringApplicationShutdownHook][0;39m [34m INFO[0;39m [36mcom.zaxxer.hikari.HikariDataSource[0;39m - [33mHikariPool-1 - Shutdown completed.
[0;39m[32m2024-08-09 17:19:29.674[0;39m [35m[background-preinit][0;39m [34m INFO[0;39m [36morg.hibernate.validator.internal.util.Version[0;39m - [33mHV000001: Hibernate Validator 8.0.1.Final
[0;39m[32m2024-08-09 17:19:29.707[0;39m [35m[main][0;39m [34m INFO[0;39m [36mcom.mnsoo.board.BulletinBoardApplication[0;39m - [33mStarting BulletinBoardApplication using Java 17.0.10 with PID 48697 (/Users/mnsoo/Desktop/zerobase/bulletin-board/build/classes/java/main started by mnsoo in /Users/mnsoo/Desktop/zerobase/bulletin-board)
[0;39m[32m2024-08-09 17:19:29.708[0;39m [35m[main][0;39m [34m INFO[0;39m [36mcom.mnsoo.board.BulletinBoardApplication[0;39m - [33mThe following 1 profile is active: "local"
[0;39m[32m2024-08-09 17:19:30.246[0;39m [35m[main][0;39m [34m INFO[0;39m [36morg.springframework.data.repository.config.RepositoryConfigurationDelegate[0;39m - [33mBootstrapping Spring Data JPA repositories in DEFAULT mode.
[0;39m[32m2024-08-09 17:19:30.289[0;39m [35m[main][0;39m [34m INFO[0;39m [36morg.springframework.data.repository.config.RepositoryConfigurationDelegate[0;39m - [33mFinished Spring Data repository scanning in 37 ms. Found 2 JPA repository interfaces.
[0;39m[32m2024-08-09 17:19:30.696[0;39m [35m[main][0;39m [34m INFO[0;39m [36morg.springframework.boot.web.embedded.tomcat.TomcatWebServer[0;39m - [33mTomcat initialized with port 8080 (http)
[0;39m[32m2024-08-09 17:19:30.702[0;39m [35m[main][0;39m [34m INFO[0;39m [36morg.apache.coyote.http11.Http11NioProtocol[0;39m - [33mInitializing ProtocolHandler ["http-nio-8080"]
[0;39m[32m2024-08-09 17:19:30.703[0;39m [35m[main][0;39m [34m INFO[0;39m [36morg.apache.catalina.core.StandardService[0;39m - [33mStarting service [Tomcat]
[0;39m[32m2024-08-09 17:19:30.703[0;39m [35m[main][0;39m [34m INFO[0;39m [36morg.apache.catalina.core.StandardEngine[0;39m - [33mStarting Servlet engine: [Apache Tomcat/10.1.24]
[0;39m[32m2024-08-09 17:19:30.743[0;39m [35m[main][0;39m [34m INFO[0;39m [36morg.apache.catalina.core.ContainerBase.[Tomcat].[localhost].[/][0;39m - [33mInitializing Spring embedded WebApplicationContext
[0;39m[32m2024-08-09 17:19:30.743[0;39m [35m[main][0;39m [34m INFO[0;39m [36morg.springframework.boot.web.servlet.context.ServletWebServerApplicationContext[0;39m - [33mRoot WebApplicationContext: initialization completed in 1007 ms
[0;39m[32m2024-08-09 17:19:30.837[0;39m [35m[main][0;39m [34m INFO[0;39m [36morg.hibernate.jpa.internal.util.LogHelper[0;39m - [33mHHH000204: Processing PersistenceUnitInfo [name: default]
[0;39m[32m2024-08-09 17:19:30.877[0;39m [35m[main][0;39m [34m INFO[0;39m [36morg.hibernate.Version[0;39m - [33mHHH000412: Hibernate ORM core version 6.5.2.Final
[0;39m[32m2024-08-09 17:19:30.898[0;39m [35m[main][0;39m [34m INFO[0;39m [36morg.hibernate.cache.internal.RegionFactoryInitiator[0;39m - [33mHHH000026: Second-level cache disabled
[0;39m[32m2024-08-09 17:19:31.093[0;39m [35m[main][0;39m [34m INFO[0;39m [36morg.springframework.orm.jpa.persistenceunit.SpringPersistenceUnitInfo[0;39m - [33mNo LoadTimeWeaver setup: ignoring JPA class transformer
[0;39m[32m2024-08-09 17:19:31.108[0;39m [35m[main][0;39m [34m INFO[0;39m [36mcom.zaxxer.hikari.HikariDataSource[0;39m - [33mHikariPool-1 - Starting...
[0;39m[32m2024-08-09 17:19:31.365[0;39m [35m[main][0;39m [34m INFO[0;39m [36mcom.zaxxer.hikari.pool.HikariPool[0;39m - [33mHikariPool-1 - Added connection com.mysql.cj.jdbc.ConnectionImpl@1ce6a9bd
[0;39m[32m2024-08-09 17:19:31.367[0;39m [35m[main][0;39m [34m INFO[0;39m [36mcom.zaxxer.hikari.HikariDataSource[0;39m - [33mHikariPool-1 - Start completed.
[0;39m[32m2024-08-09 17:19:31.987[0;39m [35m[main][0;39m [34m INFO[0;39m [36morg.hibernate.engine.transaction.jta.platform.internal.JtaPlatformInitiator[0;39m - [33mHHH000489: No JTA platform available (set 'hibernate.transaction.jta.platform' to enable JTA platform integration)
[0;39m[32m2024-08-09 17:19:32.047[0;39m [35m[main][0;39m [34m INFO[0;39m [36morg.springframework.orm.jpa.LocalContainerEntityManagerFactoryBean[0;39m - [33mInitialized JPA EntityManagerFactory for persistence unit 'default'
[0;39m[32m2024-08-09 17:19:32.335[0;39m [35m[main][0;39m [31m WARN[0;39m [36morg.springframework.boot.autoconfigure.security.servlet.UserDetailsServiceAutoConfiguration[0;39m - [33m

Using generated security password: 5cbc985b-10ac-4942-a3ff-225f5cc1e65a

This generated password is for development use only. Your security configuration must be updated before running your application in production.

[0;39m[32m2024-08-09 17:19:32.339[0;39m [35m[main][0;39m [34m INFO[0;39m [36morg.springframework.security.config.annotation.authentication.configuration.InitializeUserDetailsBeanManagerConfigurer$InitializeUserDetailsManagerConfigurer[0;39m - [33mGlobal AuthenticationManager configured with UserDetailsService bean with name inMemoryUserDetailsManager
[0;39m[32m2024-08-09 17:19:32.504[0;39m [35m[main][0;39m [34m INFO[0;39m [36morg.springframework.security.web.DefaultSecurityFilterChain[0;39m - [33mWill secure any request with [org.springframework.security.web.session.DisableEncodeUrlFilter@80347b2, org.springframework.security.web.context.request.async.WebAsyncManagerIntegrationFilter@eb65fc8, org.springframework.security.web.context.SecurityContextHolderFilter@336b7da4, org.springframework.security.web.header.HeaderWriterFilter@3f1dadeb, org.springframework.web.filter.CorsFilter@5cd5e1b6, org.springframework.security.web.authentication.logout.LogoutFilter@3e1c566d, com.mnsoo.board.security.JwtFilter@220a7f95, org.springframework.security.web.savedrequest.RequestCacheAwareFilter@1e79b0fc, org.springframework.security.web.servletapi.SecurityContextHolderAwareRequestFilter@5e8633da, org.springframework.security.web.authentication.AnonymousAuthenticationFilter@302692b1, org.springframework.security.web.session.SessionManagementFilter@5e81b406, org.springframework.security.web.access.ExceptionTranslationFilter@16575bfe, org.springframework.security.web.access.intercept.AuthorizationFilter@b61aa50]
[0;39m[32m2024-08-09 17:19:32.688[0;39m [35m[main][0;39m [34m INFO[0;39m [36morg.apache.coyote.http11.Http11NioProtocol[0;39m - [33mStarting ProtocolHandler ["http-nio-8080"]
[0;39m[32m2024-08-09 17:19:32.697[0;39m [35m[main][0;39m [34m INFO[0;39m [36morg.springframework.boot.web.embedded.tomcat.TomcatWebServer[0;39m - [33mTomcat started on port 8080 (http) with context path '/'
[0;39m[32m2024-08-09 17:19:32.707[0;39m [35m[main][0;39m [34m INFO[0;39m [36mcom.mnsoo.board.BulletinBoardApplication[0;39m - [33mStarted BulletinBoardApplication in 3.33 seconds (process running for 3.705)
[0;39m[32m2024-08-09 17:19:36.943[0;39m [35m[SpringApplicationShutdownHook][0;39m [34m INFO[0;39m [36morg.springframework.orm.jpa.LocalContainerEntityManagerFactoryBean[0;39m - [33mClosing JPA EntityManagerFactory for persistence unit 'default'
[0;39m[32m2024-08-09 17:19:36.945[0;39m [35m[SpringApplicationShutdownHook][0;39m [34m INFO[0;39m [36mcom.zaxxer.hikari.HikariDataSource[0;39m - [33mHikariPool-1 - Shutdown initiated...
[0;39m[32m2024-08-09 17:19:36.951[0;39m [35m[SpringApplicationShutdownHook][0;39m [34m INFO[0;39m [36mcom.zaxxer.hikari.HikariDataSource[0;39m - [33mHikariPool-1 - Shutdown completed.
[0;39m